TN:
SF:assignment2/triangle.js
FN:1,determine_triangle
FN:6,rangeError
FNF:2
FNH:2
FNDA:31,determine_triangle
FNDA:9,rangeError
DA:2,31
DA:3,31
DA:7,9
DA:11,31
DA:12,3
DA:14,28
DA:15,3
DA:17,25
DA:18,3
DA:22,22
DA:23,6
DA:27,16
DA:28,2
DA:30,14
DA:31,12
DA:33,2
DA:50,1
LF:17
LH:17
BRDA:11,0,0,3
BRDA:11,0,1,28
BRDA:11,1,0,31
BRDA:11,1,1,29
BRDA:14,2,0,3
BRDA:14,2,1,25
BRDA:14,3,0,28
BRDA:14,3,1,26
BRDA:17,4,0,3
BRDA:17,4,1,22
BRDA:17,5,0,25
BRDA:17,5,1,23
BRDA:22,6,0,6
BRDA:22,6,1,16
BRDA:22,7,0,22
BRDA:22,7,1,20
BRDA:22,7,2,18
BRDA:27,8,0,2
BRDA:27,8,1,14
BRDA:27,9,0,16
BRDA:27,9,1,6
BRDA:30,10,0,12
BRDA:30,10,1,2
BRDA:30,11,0,14
BRDA:30,11,1,10
BRDA:30,11,2,6
BRF:26
BRH:26
end_of_record
